Arguments: 
  /Users/kietnvt/.nvm/versions/node/v16.13.2/bin/node /usr/local/Cellar/yarn/1.22.17_2/libexec/bin/yarn.js migrate

PATH: 
  /Users/kietnvt/.rvm/gems/ruby-2.6.7/bin:/Users/kietnvt/.rvm/gems/ruby-2.6.7@global/bin:/Users/kietnvt/.rvm/rubies/ruby-2.6.7/bin:/usr/local/opt/icu4c/bin:/usr/local/opt/python@3.8/bin:/Users/kietnvt/opt/miniconda3/bin:/Users/kietnvt/opt/miniconda3/condabin:/usr/local/opt/postgresql/bin:/Users/kietnvt/.nvm/versions/node/v16.13.2/bin:/usr/local/opt/gettext/bin:/Users/kietnvt/.cargo/bin:/usr/local/bin:/usr/bin:/bin:/usr/sbin:/sbin:/Library/TeX/texbin:/usr/local/go/bin:/Library/Apple/usr/bin:/usr/local/go/bin:/Users/kietnvt/.go/bin:/Users/kietnvt/.rvm/bin

Yarn version: 
  1.22.17

Node version: 
  16.13.2

Platform: 
  darwin x64

Trace: 
  SyntaxError: /Users/kietnvt/workspace/nus/adonis-learn/user/package.json: Unexpected token } in JSON at position 283
      at JSON.parse (<anonymous>)
      at /usr/local/Cellar/yarn/1.22.17_2/libexec/lib/cli.js:1625:59
      at Generator.next (<anonymous>)
      at step (/usr/local/Cellar/yarn/1.22.17_2/libexec/lib/cli.js:310:30)
      at /usr/local/Cellar/yarn/1.22.17_2/libexec/lib/cli.js:321:13

npm manifest: 
  {
    "name": "user",
    "version": "1.0.0",
    "description": "",
    "main": "index.js",
    "scripts": {
      "dev": "NODE_ENV=development nodemon --exec 'ts-node' src/app.ts",
      "test": "echo \"Error: no test specified\" && exit 1",
      "migrate": "npm run typeorm -- migration:run",
    },
    "author": "",
    "license": "ISC",
    "devDependencies": {
      "@types/node": "^18.11.9",
      "ts-node": "^10.9.1",
      "tslib": "^2.4.1",
      "typescript": "^4.9.3"
    },
    "dependencies": {
      "@types/express": "^4.17.14",
      "express": "^4.18.2",
      "mysql": "^2.18.1",
      "reflect-metadata": "^0.1.13",
      "typeorm": "^0.3.10"
    }
  }

yarn manifest: 
  No manifest

Lockfile: 
  No lockfile
